0 info it worked if it ends with ok
1 verbose cli [ 'C:\\Users\\Ivan\\AppData\\Roaming\\nodejs\\node.exe',
1 verbose cli   'C:\\Users\\Ivan\\AppData\\Roaming\\nodejs\\node_modules\\npm\\bin\\npm-cli.js',
1 verbose cli   'run',
1 verbose cli   'dev' ]
2 info using npm@3.10.8
3 info using node@v6.9.1
4 verbose run-script [ 'predev', 'dev', 'postdev' ]
5 info lifecycle chronobank@0.0.1~predev: chronobank@0.0.1
6 silly lifecycle chronobank@0.0.1~predev: no script for predev, continuing
7 info lifecycle chronobank@0.0.1~dev: chronobank@0.0.1
8 verbose lifecycle chronobank@0.0.1~dev: unsafe-perm in lifecycle true
9 verbose lifecycle chronobank@0.0.1~dev: PATH: C:\Users\Ivan\AppData\Roaming\nvm\v6.9.1\node_modules\npm\bin\node-gyp-bin;C:\Users\Ivan\IdeaProjects\ChronoWeb\node_modules\.bin;C:\Users\Ivan\bin;C:\cmder\vendor\git-for-windows\usr\bin;C:\cmder\vendor\git-for-windows\mingw32\bin;C:\cmder\vendor\git-for-windows\usr\local\bin;C:\cmder\vendor\git-for-windows\usr\bin;C:\cmder\vendor\git-for-windows\usr\bin;C:\cmder\vendor\git-for-windows\mingw32\bin;C:\cmder\vendor\git-for-windows\usr\bin;C:\Users\Ivan\bin;C:\Program Files (x86)\AMD APP\bin\x86_64;C:\Program Files (x86)\AMD APP\bin\x86;C:\Windows\system32;C:\Windows;C:\Windows\System32\Wbem;C:\Windows\System32\WindowsPowerShell\v1.0;C:\Program Files (x86)\ATI Technologies\ATI.ACE\Core-Static;C:\Program Files (x86)\Skype\Phone;C:\Users\Ivan\AppData\Roaming\nvm;C:\Users\Ivan\AppData\Roaming\nodejs;C:\Program Files (x86)\AMD APP\bin\x86_64;C:\Program Files (x86)\AMD APP\bin\x86;C:\Windows\system32;C:\Windows;C:\Windows\System32\Wbem;C:\Windows\System32\WindowsPowerShell\v1.0;C:\Program Files (x86)\ATI Technologies\ATI.ACE\Core-Static;C:\Program Files (x86)\Skype\Phone;C:\Users\Ivan\AppData\Roaming\nvm;C:\Users\Ivan\AppData\Roaming\nodejs;.;C:\cmder\vendor\git-for-windows\usr\bin\vendor_perl;C:\cmder\vendor\git-for-windows\usr\bin\core_perl
10 verbose lifecycle chronobank@0.0.1~dev: CWD: C:\Users\Ivan\IdeaProjects\ChronoWeb
11 silly lifecycle chronobank@0.0.1~dev: Args: [ '/d /s /c', 'gulp' ]
12 silly lifecycle chronobank@0.0.1~dev: Returned: code: 3221225786  signal: null
13 info lifecycle chronobank@0.0.1~dev: Failed to exec dev script
14 verbose stack Error: chronobank@0.0.1 dev: `gulp`
14 verbose stack Exit status 3221225786
14 verbose stack     at EventEmitter.<anonymous> (C:\Users\Ivan\AppData\Roaming\nvm\v6.9.1\node_modules\npm\lib\utils\lifecycle.js:255:16)
14 verbose stack     at emitTwo (events.js:106:13)
14 verbose stack     at EventEmitter.emit (events.js:191:7)
14 verbose stack     at ChildProcess.<anonymous> (C:\Users\Ivan\AppData\Roaming\nvm\v6.9.1\node_modules\npm\lib\utils\spawn.js:40:14)
14 verbose stack     at emitTwo (events.js:106:13)
14 verbose stack     at ChildProcess.emit (events.js:191:7)
14 verbose stack     at maybeClose (internal/child_process.js:877:16)
14 verbose stack     at Process.ChildProcess._handle.onexit (internal/child_process.js:226:5)
15 verbose pkgid chronobank@0.0.1
16 verbose cwd C:\Users\Ivan\IdeaProjects\ChronoWeb
17 error Windows_NT 6.1.7601
18 error argv "C:\\Users\\Ivan\\AppData\\Roaming\\nodejs\\node.exe" "C:\\Users\\Ivan\\AppData\\Roaming\\nodejs\\node_modules\\npm\\bin\\npm-cli.js" "run" "dev"
19 error node v6.9.1
20 error npm  v3.10.8
21 error code ELIFECYCLE
22 error chronobank@0.0.1 dev: `gulp`
22 error Exit status 3221225786
23 error Failed at the chronobank@0.0.1 dev script 'gulp'.
23 error Make sure you have the latest version of node.js and npm installed.
23 error If you do, this is most likely a problem with the chronobank package,
23 error not with npm itself.
23 error Tell the author that this fails on your system:
23 error     gulp
23 error You can get information on how to open an issue for this project with:
23 error     npm bugs chronobank
23 error Or if that isn't available, you can get their info via:
23 error     npm owner ls chronobank
23 error There is likely additional logging output above.
24 verbose exit [ 1, true ]
